spawn /usr/bin/script -q -c /root/lteue-linux-2024-06-14/lteue /root/lteue-linux-2024-06-14/config/erc/generated/2b706875-cb1b-431a-a90a-e35d39d1eeb0/nr-erc.cfg /dev/null
UE version 2024-06-14, Copyright (C) 2012-2024 Amarisoft
This software is licensed to Fundación IMDEA Networks.
Support and software update available until 2024-11-13.

RF0: sample_rate=122.880 MHz dl_freq=3549.990 MHz ul_freq=3549.990 MHz (band n78) dl_ant=2 ul_ant=2
Warning: /root/lteue-linux-2024-06-14/config/erc/generated/2b706875-cb1b-431a-a90a-e35d39d1eeb0/nr-erc.cfg:10: unused property 'cli_enabled'
Warning: /root/lteue-linux-2024-06-14/config/erc/generated/2b706875-cb1b-431a-a90a-e35d39d1eeb0/nr-erc.cfg:11: unused property 'cli_addr'
Warning: /root/lteue-linux-2024-06-14/config/erc/generated/2b706875-cb1b-431a-a90a-e35d39d1eeb0/users-scenario.cfg:15: unused property 'ldpc_max_its'
Warning: /root/lteue-linux-2024-06-14/config/erc/generated/2b706875-cb1b-431a-a90a-e35d39d1eeb0/users-scenario.cfg:80: unused property 'ldpc_max_its'
Warning: /root/lteue-linux-2024-06-14/config/erc/generated/2b706875-cb1b-431a-a90a-e35d39d1eeb0/users-scenario.cfg:145: unused property 'ldpc_max_its'
Warning: /root/lteue-linux-2024-06-14/config/erc/generated/2b706875-cb1b-431a-a90a-e35d39d1eeb0/users-scenario.cfg:210: unused property 'ldpc_max_its'
/dev/sdr0 initialized (12s) (tries=0)
(ue) Cell 0: SIB found
t[K
Press [return] to stop the trace
----------------------Hz---ppm----dB----dBm-----------------------DL---------- ---------------------UL-
UE_ID  RAT CL RNTI   CFO   SRO  SINR   RSRP  mcs retx rxko rxok brate     #its  mcs  ta retx   tx brate
    1   NR 00    -   425   0.1  33.4  -95.8    -    0    0    0     0  1/1.0/1    -   0    0    0     0
    2   NR 00 55de   425   0.1  33.2  -96.1    -    0    0    0     0        -  2.4 228    3   12  316k
    3   NR 00 6632   425   0.1  33.7  -95.5    -    0    0    0     0        -  2.2 318    3   12  344k
    4   NR 00 662a   425   0.1  33.7  -95.6    -    0    0    0     0        -  6.6  65    3   12  320k
    1   NR 00    -   382   0.1  33.4  -95.8    -    0    0    0     0        -    -   0    0    0     0
    2   NR 00 55de   382   0.1  33.2  -96.0    -    0    0    0     0        - 10.5 228    0   13  473k
    3   NR 00 6632   382   0.1  33.7  -95.5    -    0    0    0     0        -  8.4 316    0   13  401k
    4   NR 00 662a   382   0.1  33.7  -95.5    -    0    0    0     0        -  6.0  64    1   12  379k
[2025-05-13 15:46:44.908] TRX port #0 underflow=1% (1332)
    1   NR 00    -   394   0.1  33.4  -95.8    -    0    0    0     0        -    -   0    0    0     0
    2   NR 00 55de   394   0.1  33.2  -96.0    -    0    0    0     0        -  8.1 227    0   14  420k
----------------------Hz---ppm----dB----dBm-----------------------DL---------- ---------------------UL-
UE_ID  RAT CL RNTI   CFO   SRO  SINR   RSRP  mcs retx rxko rxok brate     #its  mcs  ta retx   tx brate
    3   NR 00 6632   394   0.1  33.8  -95.5    -    0    0    0     0        -  8.1 315    0   14  392k
    4   NR 00 662a   394   0.1  33.7  -95.5    -    0    0    0     0        -  9.1  63    0   14  455k
    1   NR 00    -   432   0.1  33.4  -95.8    -    0    0    0     0        -    -   0    0    0     0
    2   NR 00 55de   432   0.1  33.2  -96.0    -    0    0    0     0        - 12.8 226    0    8  588k
    3   NR 00 6632   432   0.1  33.8  -95.4    -    0    0    0     0        - 13.1 313    0    8  598k
    4   NR 00 662a   432   0.1  33.7  -95.5    -    0    0    0     0        -  7.9  62    0    8  440k
[2][iperf3 -J -c 10.3.7.11 -u -t 180 -b 5M -p 1030][0m ip netns exec ue2 iperf3 -J -c 10.3.7.11 -u -t 180 -b 5M -p 1030
    1   NR 00    -   408   0.1  33.5  -95.8    -    0    0    0     0        -    -   0    0    0     0
    2   NR 00 55de   408   0.1  33.2  -96.0 26.0    0    0    1 1.16M  1/1.0/1 11.8 226    0    8 5.27M
    3   NR 00 6632   408   0.1  33.8  -95.4    -    0    0    0     0        -  8.6 311    0    8  412k
    4   NR 00 662a   408   0.1  33.7  -95.5    -    0    0    0     0        -  9.0  61    0    8  422k
[3][iperf3 -J -c 10.3.7.11 -u -t 180 -b 5M -p 1031][0m ip netns exec ue3 iperf3 -J -c 10.3.7.11 -u -t 180 -b 5M -p 1031
----------------------Hz---ppm----dB----dBm-----------------------DL---------- ---------------------UL-
UE_ID  RAT CL RNTI   CFO   SRO  SINR   RSRP  mcs retx rxko rxok brate     #its  mcs  ta retx   tx brate
    1   NR 00    -   401   0.1  33.5  -95.8    -    0    0    0     0        -    -   0    0    0     0
    2   NR 00 55de   401   0.1  33.2  -96.0 23.0    0    0    1  933k  1/1.0/1 11.1 225    0    7 4.80M
    3   NR 00 6632   401   0.1  33.8  -95.4 16.0    1    1    1 1.28M  4/4.8/5 11.4 309    1    6 3.76M
    4   NR 00 662a   401   0.1  33.7  -95.5    -    0    0    0     0        - 12.1  60    0    8  519k
[4][iperf3 -J -c 10.3.7.11 -u -t 180 -b 5M -p 1032][0m ip netns exec ue4 iperf3 -J -c 10.3.7.11 -u -t 180 -b 5M -p 1032
    1   NR 00    -   435   0.1  33.5  -95.7    -    0    0    0     0  1/1.0/1    -   0    0    0     0
    2   NR 00 55de   435   0.1  33.2  -96.0    -    0    0    0     0        -  0.0 224    1    4  113k
    3   NR 00 6632   435   0.1  33.9  -95.4 23.0    0    0    1 1.18M  1/1.0/1  0.8 308    0    6  359k
    4   NR 00 662a   435   0.1  33.8  -95.5 26.0    1    0    2 1.72M  1/1.8/3  2.2  60    2    4  277k
[2025-05-13 15:46:54.909] TRX port #0 underflow=1% (1730)
    1   NR 00    -   421   0.1  33.5  -95.7    -    0    0    0     0        -    -   0    0    0     0
    2   NR 00 55de   421   0.1  33.2  -96.0 22.0    0    0    1  896k  2/2.5/3 10.0 223    1    5 1.74M
----------------------Hz---ppm----dB----dBm-----------------------DL---------- ---------------------UL-
UE_ID  RAT CL RNTI   CFO   SRO  SINR   RSRP  mcs retx rxko rxok brate     #its  mcs  ta retx   tx brate
    3   NR 00 6632   421   0.1  33.8  -95.4    -    0    0    0     0        -  2.5 309    0    6 7.94M
    4   NR 00 662a   421   0.1  33.8  -95.5    -    0    0    0     0        - 10.6  59    0    5 4.19M
    1   NR 00    -   402   0.1  33.5  -95.7    -    0    0    0     0        -    -   0    0    0     0
    2   NR 00 55de   402   0.1  33.3  -96.0    -    0    0    0     0        -  9.5 223    0    6 7.99M
    3   NR 00 6632   402   0.1  33.8  -95.4 22.0    0    0    1 1.14M  2/3.0/4 12.0 310    0    5 4.19M
    4   NR 00 662a   402   0.1  33.8  -95.4 12.0    1    1    1 1.16M  1/2.5/4 11.0  58    0    6 3.27M
    1   NR 00    -   403   0.1  33.5  -95.7    -    0    0    0     0        -    -   0    0    0     0
    2   NR 00 55de   403   0.1  33.3  -96.0 12.0    1    1    1  556k  2/3.5/5 11.2 222    1   11 4.14M
    3   NR 00 6632   403   0.1  33.8  -95.4 21.0    0    0    1  512k  1/1.0/1  6.9 311    0   12 5.67M
    4   NR 00 662a   403   0.1  33.8  -95.4 21.0    0    0    1  512k  1/1.0/1 12.5  57    1   10 4.72M
----------------------Hz---ppm----dB----dBm-----------------------DL---------- ---------------------UL-
UE_ID  RAT CL RNTI   CFO   SRO  SINR   RSRP  mcs retx rxko rxok brate     #its  mcs  ta retx   tx brate
    1   NR 00    -   426   0.1  33.6  -95.7    -    0    0    0     0        -    -   0    0    0     0
    2   NR 00 55de   426   0.1  33.3  -96.0 21.0    0    0    1  512k  1/1.0/1 12.9 221    0    8 4.14M
    3   NR 00 6632   426   0.1  33.8  -95.4 21.0    0    0    1  512k  1/1.0/1 10.8 312    0   12 5.97M
    4   NR 00 662a   426   0.1  33.8  -95.4  8.0    0    0    1  401k  3/3.0/3  7.8  56    0   13 7.15M
    1   NR 00    -   444   0.1  33.6  -95.6    -    0    0    0     0        -    -   0    0    0     0
    2   NR 00 55de   444   0.1  33.3  -95.9  9.0    0    0    1  732k  4/4.0/4  5.0 220    0    7 4.97M
    3   NR 00 6632   444   0.1  33.8  -95.4 21.0    0    0    1  841k  1/1.5/2 12.0 313    1    4 2.54M
    4   NR 00 662a   444   0.1  33.8  -95.4    -    0    0    0     0        - 10.4  55    0    5 5.45M
[2025-05-13 15:47:04.910] TRX port #0 underflow=0% (961)
    1   NR 00    -   430   0.1  33.6  -95.6    -    0    0    0     0  1/1.0/1    -   0    0    0     0
    2   NR 00 55de   430   0.1  33.3  -95.9 17.8    1    0    7  507k  1/1.3/2  1.1 220   18   54  652k
----------------------Hz---ppm----dB----dBm-----------------------DL---------- ---------------------UL-
UE_ID  RAT CL RNTI   CFO   SRO  SINR   RSRP  mcs retx rxko rxok brate     #its  mcs  ta retx   tx brate
    3   NR 00 6632   430   0.1  33.8  -95.5  7.1    1    0    9  271k  1/1.2/2  0.6 314   19   32  577k
    4   NR 00 662a   430   0.1  33.8  -95.4 16.7    0    0    3  272k  1/1.3/2  0.1  54   15   56  206k
[1][iperf3 -J -c 10.3.7.11 -u -t 180 -b 5M -p 1029][0m ip netns exec ue1 iperf3 -J -c 10.3.7.11 -u -t 180 -b 5M -p 1029
    1   NR 00 61ca   440   0.1  33.6  -95.6 25.0    1    0    8  832k  1/2.4/4 10.7  69    3   59 5.32M
    2   NR 00 55de   440   0.1  33.3  -95.9 19.7    0    0    7  585k  1/1.2/2 10.4 219    3   55 5.14M
    3   NR 00 6632   440   0.1  33.8  -95.5 16.2    0    0    8  569k  1/1.1/2 10.3 315    1   61 5.24M
    4   NR 00 662a   440   0.1  33.8  -95.4 15.9    0    0    7  543k  1/1.7/4 11.4  54    0   58 5.06M
    1   NR 00 61ca   435   0.1  33.6  -95.6 20.6    2    2    7  681k  1/2.3/5 10.6  68    5   56 4.92M
    2   NR 00 55de   435   0.1  33.3  -95.9 21.0    0    0    8  646k  1/1.5/2 10.4 218    3   51 5.43M
    3   NR 00 6632   435   0.1  33.7  -95.5 17.4    0    0    7  530k  1/1.0/1 12.7 316    1   53 5.00M
    4   NR 00 662a   435   0.1  33.9  -95.4 20.0    0    0    7  567k  1/1.3/2 10.9  53    3   56 5.15M
----------------------Hz---ppm----dB----dBm-----------------------DL---------- ---------------------UL-
UE_ID  RAT CL RNTI   CFO   SRO  SINR   RSRP  mcs retx rxko rxok brate     #its  mcs  ta retx   tx brate
    1   NR 00 61ca   434   0.1  33.7  -95.6 21.2    1    1    6  610k  1/2.1/5 11.6  66    3   49 5.25M
    2   NR 00 55de   434   0.1  33.3  -95.9 19.3    1    1    7  632k  1/1.9/3 10.1 217    4   53 5.58M
    3   NR 00 6632   434   0.1  33.7  -95.5 17.5    0    0    6  576k  1/1.5/3 11.2 317    1   57 5.32M
    4   NR 00 662a   434   0.1  33.9  -95.4 19.7    0    0    7  608k  1/1.4/2 11.6  52    3   50 5.23M
    1   NR 00 61ca   413   0.1  33.7  -95.6 21.6    2    2    8  738k  1/2.3/5 10.4  65    4   62 5.57M
    2   NR 00 55de   413   0.1  33.3  -95.9 20.0    0    0    8  607k  1/1.1/2 11.1 217    3   67 4.98M
    3   NR 00 6632   413   0.1  33.7  -95.5 16.4    3    2    8  592k  1/1.9/5 12.5 318    3   59 4.95M
    4   NR 00 662a   413   0.1  33.8  -95.4 20.0    0    0    7  554k  1/1.2/2 12.2  54    2   61 4.97M
[2025-05-13 15:47:14.911] TRX port #0 underflow=0% (387)
    1   NR 00 61ca   413   0.1  33.7  -95.5    -    0    0    0     0        -  7.2  64    0    5 10.0M
    2   NR 00 55de   413   0.1  33.3  -95.9    -    0    0    0     0        - 10.7 216    0    3 5.33M
----------------------Hz---ppm----dB----dBm-----------------------DL---------- ---------------------UL-
UE_ID  RAT CL RNTI   CFO   SRO  SINR   RSRP  mcs retx rxko rxok brate     #its  mcs  ta retx   tx brate
    3   NR 00 6632   413   0.1  33.7  -95.5    -    0    0    0     0        -  7.3 319    0    3 3.62M
    4   NR 00 662a   413   0.1  33.8  -95.4  8.0    0    0    1 1.02M  2/2.0/2  9.2  56    0    4 3.18M
    1   NR 00 61ca   404   0.1  33.7  -95.5 22.0    0    0    7  630k  1/1.8/3 12.5  63    4   57 5.16M
    2   NR 00 55de   404   0.1  33.3  -95.9 17.3    2    2    7  630k  1/2.1/5 11.0 216    2   59 5.05M
    3   NR 00 6632   404   0.1  33.7  -95.5 20.6    0    0    8  669k  1/1.4/3  9.5 320    2   61 5.46M
    4   NR 00 662a   404   0.1  33.8  -95.4 10.6    4    4    7  551k  1/2.9/5 12.5  58    3   59 5.28M
    1   NR 00 61ca   422   0.1  33.7  -95.5 18.7    1    1    9  704k  1/1.9/5 13.5  61    6   56 5.00M
    2   NR 00 55de   422   0.1  33.4  -95.9 19.4    1    1    8  652k  1/1.8/5 10.0 215    6   59 5.00M
    3   NR 00 6632   422   0.1  33.7  -95.6 16.6    2    2    8  632k  1/2.2/5 11.2 321    6   60 5.07M
    4   NR 00 662a   422   0.1  33.8  -95.5 20.0    0    0    8  601k  1/1.3/2 11.8  59    4   66 5.43M
----------------------Hz---ppm----dB----dBm-----------------------DL---------- ---------------------UL-
UE_ID  RAT CL RNTI   CFO   SRO  SINR   RSRP  mcs retx rxko rxok brate     #its  mcs  ta retx   tx brate
    1   NR 00 61ca   432   0.1  33.7  -95.5 17.6    2    2    7  547k  1/2.1/5 11.8  60    2   55 5.26M
    2   NR 00 55de   432   0.1  33.4  -95.9 19.7    1    1    7  568k  1/1.8/5  8.5 214    6   58 5.20M
    3   NR 00 6632   432   0.1  33.7  -95.6 20.0    0    0    7  575k  1/1.4/2 10.4 322    4   54 5.24M
    4   NR 00 662a   432   0.1  33.7  -95.5 11.0    3    3    7  542k  1/2.4/5 13.0  61    2   55 5.55M
    1   NR 00 61ca   411   0.1  33.8  -95.5 13.6    1    1    8  613k  1/2.3/4 12.1  59    3   57 5.28M
    2   NR 00 55de   411   0.1  33.4  -95.9 16.4    1    1    8  627k  1/2.5/5  9.1 214    4   63 5.34M
    3   NR 00 6632   411   0.1  33.6  -95.6 15.8    1    1    8  606k  1/1.7/5 10.7 323    4   59 5.22M
    4   NR 00 662a   411   0.1  33.7  -95.5 20.0    0    0    8  635k  1/1.2/2 10.4  63    7   51 5.32M
    1   NR 00 61ca   425   0.1  33.8  -95.5 17.3    1    1    6  530k  1/1.8/4 10.1  58    5   49 4.90M
    2   NR 00 55de   425   0.1  33.4  -95.8 20.0    0    0    7  606k  1/1.4/3 10.4 213    2   55 5.06M
----------------------Hz---ppm----dB----dBm-----------------------DL---------- ---------------------UL-
UE_ID  RAT CL RNTI   CFO   SRO  SINR   RSRP  mcs retx rxko rxok brate     #its  mcs  ta retx   tx brate
    3   NR 00 6632   425   0.1  33.6  -95.6 19.1    1    1    7  585k  1/1.7/5 10.4 324    1   52 5.14M
    4   NR 00 662a   425   0.1  33.7  -95.5 18.3    1    1    7  559k  1/1.8/5 10.1  64    3   58 5.22M
    1   NR 00 61ca   425   0.1  33.8  -95.4 15.9    1    1    8  604k  1/1.8/5 13.3  57    5   65 5.28M
    2   NR 00 55de   425   0.1  33.4  -95.8 18.2    0    0    9  651k  1/1.3/3 10.5 212    3   70 5.15M
    3   NR 00 6632   425   0.1  33.6  -95.6 13.1    2    2    8  590k  1/2.7/5 10.8 325    1   74 5.25M
    4   NR 00 662a   425   0.1  33.7  -95.6 17.0    2    2    8  576k  1/1.6/4 13.2  66    3   66 5.07M
    1   NR 00 61ca   439   0.1  33.8  -95.4 20.0    0    0    7  580k  1/1.6/3 13.1  56    1   57 4.86M
    2   NR 00 55de   439   0.1  33.4  -95.8 15.2    2    2    8  565k  1/2.1/5  9.3 212    3   63 5.63M
    3   NR 00 6632   439   0.1  33.6  -95.6 15.5    4    4    8  617k  1/2.0/5 12.0 326    3   60 4.95M
    4   NR 00 662a   439   0.1  33.6  -95.6 17.5    0    0    8  655k  1/1.6/3  9.6  68    5   60 5.08M
----------------------Hz---ppm----dB----dBm-----------------------DL---------- ---------------------UL-
UE_ID  RAT CL RNTI   CFO   SRO  SINR   RSRP  mcs retx rxko rxok brate     #its  mcs  ta retx   tx brate
    1   NR 00 61ca   426   0.1  33.8  -95.4 15.1    2    2    7  579k  1/2.6/5  9.8  55    0   57 5.00M
    2   NR 00 55de   426   0.1  33.4  -95.8 18.3    0    0    7  595k  1/1.3/3  9.6 211    1   55 5.21M
    3   NR 00 6632   426   0.1  33.6  -95.6 17.3    2    2    7  607k  1/2.4/5 10.6 327    3   52 5.39M
    4   NR 00 662a   426   0.1  33.6  -95.6 17.1    3    3    8  687k  1/2.6/5 10.5  70    3   52 4.78M
    1   NR 00 61ca   429   0.1  33.8  -95.4 15.5    0    0    8  567k  1/1.8/3 12.1  53    5   61 5.06M
    2   NR 00 55de   429   0.1  33.4  -95.8 15.8    2    2    8  585k  1/2.1/5  9.3 211    5   65 5.39M
    3   NR 00 6632   429   0.1  33.6  -95.7 13.4    5    5    8  581k  1/2.5/5 12.3 328    4   67 5.06M
    4   NR 00 662a   429   0.1  33.6  -95.6 16.6    1    1    8  609k  1/2.4/5 12.6  71    2   66 4.95M
    1   NR 00 61ca   442   0.1  33.9  -95.4 18.8    2    2    6  544k  1/1.6/4  9.3  52    6   46 4.94M
    2   NR 00 55de   442   0.1  33.4  -95.8 17.3    1    1    7  581k  1/1.8/5  9.2 210    2   47 5.28M
----------------------Hz---ppm----dB----dBm-----------------------DL---------- ---------------------UL-
UE_ID  RAT CL RNTI   CFO   SRO  SINR   RSRP  mcs retx rxko rxok brate     #its  mcs  ta retx   tx brate
    3   NR 00 6632   442   0.1  33.6  -95.7 18.3    0    0    7  609k  1/1.5/2  7.4 329    4   52 5.28M
    4   NR 00 662a   442   0.1  33.6  -95.7 16.4    0    0    7  565k  1/1.6/3 11.3  73    2   45 5.41M
    1   NR 00 61ca   432   0.1  33.9  -95.4 15.0    1    1    7  558k  1/2.0/5 11.5  52    3   54 5.32M
    2   NR 00 55de   432   0.1  33.4  -95.8 14.0    0    0    7  488k  1/1.2/2 10.9 209    2   56 5.02M
    3   NR 00 6632   432   0.1  33.5  -95.7 15.7    0    0    6  474k  1/1.6/3  9.0 330    6   52 4.61M
    4   NR 00 662a   432   0.1  33.5  -95.7 20.0    0    0    7  588k  1/1.4/2 10.2  75    5   55 5.06M
    1   NR 00 61ca   426   0.1  33.9  -95.4 18.0    0    0    7  583k  1/1.2/2 10.2  52    4   55 4.94M
    2   NR 00 55de   426   0.1  33.4  -95.8 14.4    3    3    7  551k  1/1.7/5 10.8 209    4   51 5.13M
    3   NR 00 6632   426   0.1  33.5  -95.7 18.2    0    0    6  512k  1/1.6/4 12.2 331    3   53 5.48M
    4   NR 00 662a   426   0.1  33.5  -95.7 16.5    1    1    6  508k  1/1.9/5 12.1  76    3   53 5.38M
----------------------Hz---ppm----dB----dBm-----------------------DL---------- ---------------------UL-
UE_ID  RAT CL RNTI   CFO   SRO  SINR   RSRP  mcs retx rxko rxok brate     #its  mcs  ta retx   tx brate
    1   NR 00 61ca   412   0.1  33.9  -95.4    -    0    0    0     0        - 13.0  52    0    4 4.03M
    2   NR 00 55de   412   0.1  33.5  -95.8 20.0    0    0    1 1.40M  1/1.0/1 11.8 208    1    3 2.39M
    3   NR 00 6632   412   0.1  33.5  -95.7    -    0    0    1 1.40M  1/1.0/1 11.5 332    0    4 4.99M
    4   NR 00 662a   412   0.1  33.5  -95.7    -    0    0    0     0        - 10.0  78    0    5 10.8M
    1   NR 00 61ca   422   0.1  33.9  -95.4 14.2    1    1    8  627k  1/2.2/5  9.6  53    3   57 4.94M
    2   NR 00 55de   422   0.1  33.5  -95.8 17.5    1    1    8  627k  1/1.6/5  9.1 208    3   59 4.91M
    3   NR 00 6632   422   0.1  33.5  -95.7 11.6    2    2    8  590k  1/2.1/5  9.9 334    3   60 4.78M
    4   NR 00 662a   422   0.1  33.5  -95.8 20.9    0    0    7  579k  1/1.2/3 11.8  80    2   60 5.12M
    1   NR 00 61ca   422   0.1  33.9  -95.4 18.4    1    1    8  563k  1/1.7/5  9.8  53    1   63 5.61M
    2   NR 00 55de   422   0.1  33.5  -95.8 18.7    1    1    9  624k  1/1.6/4 10.4 207    6   58 5.16M
----------------------Hz---ppm----dB----dBm-----------------------DL---------- ---------------------UL-
UE_ID  RAT CL RNTI   CFO   SRO  SINR   RSRP  mcs retx rxko rxok brate     #its  mcs  ta retx   tx brate
    3   NR 00 6632   422   0.1  33.5  -95.8 16.6    0    0    7  438k  1/1.2/2 11.1 335    6   51 5.14M
    4   NR 00 662a   422   0.1  33.4  -95.8 18.1    1    1    8  617k  1/2.0/5 10.6  82    5   58 5.20M
    1   NR 00 61ca   426   0.1  33.9  -95.4 16.5    1    1    6  500k  1/2.1/5 10.6  53    7   53 5.18M
    2   NR 00 55de   426   0.1  33.5  -95.8 17.7    0    0    9  762k  1/1.8/3 10.8 206    3   54 5.75M
    3   NR 00 6632   426   0.1  33.5  -95.8 18.4    1    1    7  594k  1/2.1/5 11.1 336    5   52 5.22M
    4   NR 00 662a   426   0.1  33.4  -95.8 19.0    1    1    6  528k  1/2.2/5 11.8  83    6   48 5.25M
    1   NR 00 61ca   440   0.1  33.9  -95.4 14.9    2    1    8  612k  1/2.0/5 11.8  53    5   55 5.19M
    2   NR 00 55de   440   0.1  33.5  -95.7 20.0    0    0    7  602k  1/1.5/3 11.3 206    5   55 5.29M
    3   NR 00 6632   440   0.1  33.4  -95.8 16.4    1    1    7  639k  1/2.0/5  9.4 337    3   58 5.40M
    4   NR 00 662a   440   0.1  33.4  -95.8 15.4    1    1    7  641k  1/2.3/5  9.6  85    3   53 5.08M
----------------------Hz---ppm----dB----dBm-----------------------DL---------- ---------------------UL-
UE_ID  RAT CL RNTI   CFO   SRO  SINR   RSRP  mcs retx rxko rxok brate     #its  mcs  ta retx   tx brate
    1   NR 00 61ca   439   0.1  33.8  -95.4 16.4    1    1    7  571k  1/2.2/5 12.6  53    2   61 5.26M
    2   NR 00 55de   439   0.1  33.5  -95.7 13.7    1    1    7  539k  1/2.3/5 10.3 205    4   58 5.18M
    3   NR 00 6632   439   0.1  33.4  -95.8 15.6    1    1    7  586k  1/2.3/5 13.3 338    3   58 5.31M
    4   NR 00 662a   439   0.1  33.4  -95.9 19.8    1    1    9  801k  1/1.7/5 10.6  87    1   60 5.48M
    1   NR 00 61ca   424   0.1  33.8  -95.4 14.0    0    0    7  529k  1/1.5/2 13.8  53    2   57 5.26M
    2   NR 00 55de   424   0.1  33.5  -95.7 17.3    1    1    7  576k  1/2.0/5 12.4 205    3   56 5.01M
    3   NR 00 6632   424   0.1  33.4  -95.8 18.2    1    1    8  640k  1/1.4/2 10.5 339    4   65 5.28M
    4   NR 00 662a   424   0.1  33.3  -95.9 16.1    2    2    8  615k  1/2.1/5 12.0  88    1   60 5.32M
    1   NR 00 61ca   439   0.1  33.8  -95.4 17.1    0    0    9  644k  1/1.3/2 14.1  54    0   62 5.23M
    2   NR 00 55de   439   0.1  33.5  -95.7 18.0    1    1    8  607k  1/2.0/5  9.9 204    4   61 4.90M
----------------------Hz---ppm----dB----dBm-----------------------DL---------- ---------------------UL-
UE_ID  RAT CL RNTI   CFO   SRO  SINR   RSRP  mcs retx rxko rxok brate     #its  mcs  ta retx   tx brate
    3   NR 00 6632   439   0.1  33.4  -95.8 15.8    3    3    8  574k  1/2.2/5 11.2 340    3   66 4.85M
    4   NR 00 662a   439   0.1  33.3  -95.9 20.6    0    0    8  618k  1/1.7/3 10.4  90    4   62 5.16M
    1   NR 00 61ca   410   0.1  33.8  -95.4 16.5    1    1    8  572k  1/1.8/5  9.7  54    4   63 5.10M
    2   NR 00 55de   410   0.1  33.5  -95.7 21.0    0    0    8  673k  1/1.6/3 13.6 204    2   63 5.07M
    3   NR 00 6632   410   0.1  33.4  -95.8 15.1    1    1    8  589k  1/1.4/5 12.9 341    3   62 5.19M
    4   NR 00 662a   410   0.1  33.3  -95.9 17.5    0    0    8  629k  1/1.9/4 11.0  92    7   63 5.06M
    1   NR 00 61ca   428   0.1  33.8  -95.4 14.3    0    0    7  535k  1/1.8/5 11.8  54    2   56 4.98M
    2   NR 00 55de   428   0.1  33.5  -95.7 17.5    2    2    8  644k  1/2.2/5 11.9 203    1   53 4.89M
    3   NR 00 6632   428   0.1  33.4  -95.9 17.4    0    0    7  558k  1/1.1/3  9.0 342    5   57 5.35M
    4   NR 00 662a   428   0.1  33.3  -96.0 20.3    0    0    7  605k  1/1.1/2  9.9  93    2   57 5.09M
----------------------Hz---ppm----dB----dBm-----------------------DL---------- ---------------------UL-
UE_ID  RAT CL RNTI   CFO   SRO  SINR   RSRP  mcs retx rxko rxok brate     #its  mcs  ta retx   tx brate
    1   NR 00 61ca   451   0.1  33.8  -95.4 10.4    1    1    9  551k  1/2.1/5 12.6  54    2   72 5.33M
    2   NR 00 55de   451   0.1  33.5  -95.7 12.4    1    1    8  555k  1/2.2/5 12.3 203    2   68 5.47M
    3   NR 00 6632   451   0.1  33.3  -95.9 15.5    2    2    8  520k  1/2.4/5 12.0 343    3   72 5.33M
    4   NR 00 662a   451   0.1  33.2  -96.0 17.5    0    0    8  564k  1/1.7/3  8.9  95    5   70 5.15M
    1   NR 00 61ca   364   0.1  33.8  -95.4 13.3    0    0    7  551k  1/1.9/3 11.3  54    3   53 5.33M
    2   NR 00 55de   364   0.1  33.5  -95.7 21.0    0    0    7  629k  1/1.4/3 10.4 202    6   53 5.44M
    3   NR 00 6632   364   0.1  33.3  -95.9 18.5    0    0    8  641k  1/1.5/3 11.6 345    5   51 5.45M
    4   NR 00 662a   364   0.1  33.2  -96.0 14.9    1    2    7  590k  1/2.6/5 11.1  97    5   54 5.24M
    1   NR 00 61ca   392   0.1  33.8  -95.4 15.6    1    1    7  557k  1/2.1/5 11.9  55    5   60 5.12M
    2   NR 00 55de   392   0.1  33.5  -95.7 18.9    2    2    8  658k  1/2.4/5 11.9 202    4   61 5.29M
----------------------Hz---ppm----dB----dBm-----------------------DL---------- ---------------------UL-
UE_ID  RAT CL RNTI   CFO   SRO  SINR   RSRP  mcs retx rxko rxok brate     #its  mcs  ta retx   tx brate
    3   NR 00 6632   392   0.1  33.3  -95.9 17.2    1    1    8  613k  1/2.6/5 10.9 346    4   61 5.13M
    4   NR 00 662a   392   0.1  33.2  -96.0 16.5    0    0    8  588k  1/1.3/3 12.0  98    5   57 5.13M
    1   NR 00 61ca   428   0.1  33.8  -95.4 20.0    0    0    1  626k  1/1.0/1  9.1  55    2    6 5.20M
    2   NR 00 55de   428   0.1  33.5  -95.7  8.0    2    2    1  512k  1/2.8/5 14.9 202    0    8 3.04M
    3   NR 00 6632   428   0.1  33.3  -95.9 10.0    0    0    1  597k  2/2.0/2 15.7 347    0    9 6.88M
    4   NR 00 662a   428   0.1  33.2  -96.1 20.5    0    0    2 1.28M  1/1.2/2 12.1 100    3    6 2.78M
    1   NR 00 61ca   424   0.1  33.8  -95.4 21.0    0    0    2  873k  1/1.7/2 12.7  55    1   10 5.18M
    2   NR 00 55de   424   0.1  33.6  -95.7 21.0    0    0    2 1.07M  1/1.8/3 11.5 201    0   11 4.89M
    3   NR 00 6632   424   0.1  33.3  -95.9 21.0    0    0    1  535k  1/1.0/1 13.2 348    0   10 4.07M
    4   NR 00 662a   424   0.1  33.2  -96.1 10.0    0    0    2  989k  1/1.8/2 13.1 102    0   12 5.17M
----------------------Hz---ppm----dB----dBm-----------------------DL---------- ---------------------UL-
UE_ID  RAT CL RNTI   CFO   SRO  SINR   RSRP  mcs retx rxko rxok brate     #its  mcs  ta retx   tx brate
    1   NR 00 61ca   435   0.1  33.8  -95.4    -    0    0    0     0        -  5.8  55    1    7 4.96M
    2   NR 00 55de   435   0.1  33.6  -95.7  9.0    0    0    1  602k  4/4.0/4 12.0 201    0    7 5.21M
    3   NR 00 6632   435   0.1  33.3  -96.0 20.0    0    0    1  663k  1/1.0/1  8.9 349    1    7 2.11M
    4   NR 00 662a   435   0.1  33.1  -96.1 18.0    0    0    1  602k  1/1.0/1 11.4 104    1    6 2.40M
    1   NR 00 61ca   424   0.1  33.8  -95.4  8.0    0    0    1  512k  2/2.0/2 12.2  56    0    8 4.42M
    2   NR 00 55de   424   0.1  33.6  -95.7  9.0    1    1    1  569k  1/3.0/5 14.0 200    0    7 7.73M
    3   NR 00 6632   424   0.1  33.3  -96.0 21.0    0    0    1  654k  1/1.0/1 11.8 350    1    7 6.97M
    4   NR 00 662a   424   0.1  33.1  -96.1 21.0    0    0    1  654k  2/2.0/2 12.6 105    0    9 7.39M
    1   NR 00 61ca   418   0.1  33.8  -95.4  9.1    0    0    7  526k  2/3.0/4 10.2  56    5   56 4.75M
    2   NR 00 55de   418   0.1  33.6  -95.7 19.7    0    0    7  567k  1/1.2/2 10.5 200    4   57 5.23M
----------------------Hz---ppm----dB----dBm-----------------------DL---------- ---------------------UL-
UE_ID  RAT CL RNTI   CFO   SRO  SINR   RSRP  mcs retx rxko rxok brate     #its  mcs  ta retx   tx brate
    3   NR 00 6632   418   0.1  33.2  -96.0 20.4    0    0    7  618k  1/1.1/2 10.9 351    4   53 5.30M
    4   NR 00 662a   418   0.1  33.1  -96.1 17.7    1    1    7  614k  1/2.2/5 10.5 107    1   54 5.46M
    1   NR 00 61ca   413   0.1  33.8  -95.4 19.0    0    0    1  672k  1/1.0/1 10.4  56    0    8 5.71M
    2   NR 00 55de   413   0.1  33.6  -95.6 19.0    0    0    1  672k  1/1.0/1 15.9 199    0    8 6.13M
    3   NR 00 6632   413   0.1  33.2  -96.0 21.0    0    0    1  736k  2/2.0/2 13.5 353    0    8 4.42M
    4   NR 00 662a   413   0.1  33.1  -96.2  9.0    2    2    1  640k  2/3.2/5 13.9 109    1    7 4.04M
    1   NR 00 61ca   417   0.1  33.8  -95.4  8.0    1    1    1  485k  1/2.0/3 13.9  56    0    8 5.85M
    2   NR 00 55de   417   0.1  33.6  -95.6 19.0    0    0    1  566k  1/1.0/1 17.7 199    0    7 4.14M
    3   NR 00 6632   417   0.1  33.2  -96.0 21.0    0    0    1  620k  1/1.0/1  9.9 354    1    9 5.62M
    4   NR 00 662a   417   0.1  33.0  -96.2 21.0    0    0    1  620k  1/1.0/1 10.7 110    2    8 4.15M
----------------------Hz---ppm----dB----dBm-----------------------DL---------- ---------------------UL-
UE_ID  RAT CL RNTI   CFO   SRO  SINR   RSRP  mcs retx rxko rxok brate     #its  mcs  ta retx   tx brate
    1   NR 00 61ca   435   0.1  33.8  -95.4 15.0    0    0    2  847k  2/2.0/2 11.2  57    4    7 5.19M
    2   NR 00 55de   435   0.1  33.6  -95.6  9.0    1    1    1  394k  1/3.0/5  7.9 198    0   11 7.24M
    3   NR 00 6632   435   0.1  33.2  -96.0 16.0    1    1    2  896k  1/2.8/5 13.9 355    0    8 6.66M
    4   NR 00 662a   435   0.1  33.0  -96.2 22.0    0    0    1  482k  1/1.0/1  9.5 112    0   10 4.54M
    1   NR 00 61ca   427   0.1  33.8  -95.4 20.0    0    0    1  805k  1/1.5/2  8.1  57    0    7 8.77M
    2   NR 00 55de   427   0.1  33.6  -95.6  9.0    0    0    1  732k  2/2.0/2 14.2 198    1    4 2.50M
    3   NR 00 6632   427   0.1  33.2  -96.1 21.0    0    0    1  841k  1/1.0/1 12.0 356    1    5 5.47M
    4   NR 00 662a   427   0.1  33.0  -96.2 22.0    0    0    1  896k  2/2.0/2 11.4 114    0    5 4.64M
    1   NR 00 61ca   421   0.1  33.8  -95.4  9.0    0    0    1  602k  2/2.0/2 13.7  57    0    7 6.51M
    2   NR 00 55de   421   0.1  33.6  -95.6 20.0    0    0    1  663k  1/1.0/1 11.1 198    0    8 6.54M
----------------------Hz---ppm----dB----dBm-----------------------DL---------- ---------------------UL-
UE_ID  RAT CL RNTI   CFO   SRO  SINR   RSRP  mcs retx rxko rxok brate     #its  mcs  ta retx   tx brate
    3   NR 00 6632   421   0.1  33.2  -96.1 22.0    0    0    1  738k  1/1.5/2 13.7 357    0    7 5.42M
    4   NR 00 662a   421   0.1  33.0  -96.3 23.0    0    0    1  768k  2/2.5/3  8.6 116    1    7 6.17M
    1   NR 00 61ca   435   0.1  33.8  -95.4    -    1    0    1 2.04M  1/1.0/1 11.0  58    0    2 6.52M
    2   NR 00 55de   435   0.1  33.6  -95.6    -    0    0    0     0        - 15.7 197    1    2  460k
    3   NR 00 6632   435   0.1  33.1  -96.1 22.0    0    0    1 2.51M  1/1.0/1 17.0 358    0    2  528k
    4   NR 00 662a   435   0.1  33.0  -96.3    -    0    0    0     0        -  8.0 117    0    3 13.3M
    1   NR 00 61ca   391   0.1  33.8  -95.5 19.0    0    0    1  632k  1/1.0/1 14.1  58    0    7 4.86M
    2   NR 00 55de   391   0.1  33.6  -95.6 21.0    0    0    1  693k  2/2.0/2 11.1 197    1    7 5.26M
    3   NR 00 6632   391   0.1  33.1  -96.1 22.0    1    0    2 1.37M  1/1.2/2 11.7 360    0   10 6.16M
    4   NR 00 662a   391   0.1  32.9  -96.3 21.0    0    0    1  693k  2/2.0/2 12.5 119    0   10 6.80M
----------------------Hz---ppm----dB----dBm-----------------------DL---------- ---------------------UL-
UE_ID  RAT CL RNTI   CFO   SRO  SINR   RSRP  mcs retx rxko rxok brate     #its  mcs  ta retx   tx brate
    1   NR 00 61ca   439   0.1  33.8  -95.5 19.0    0    0    1  566k  1/1.0/1 11.3  58    3    7 4.97M
    2   NR 00 55de   439   0.1  33.6  -95.6 20.0    0    0    1  593k  2/2.0/2  9.9 197    1    8 4.88M
    3   NR 00 6632   439   0.1  33.1  -96.1 17.0    2    2    2 1.33M  1/2.6/5  9.2 361    0    6 4.16M
    4   NR 00 662a   439   0.1  32.9  -96.3 22.0    0    0    1  660k  1/1.0/1 13.4 121    1    7 4.26M
    1   NR 00 61ca   448   0.1  33.8  -95.5 18.0    0    0    1  683k  1/1.0/1 12.0  59    1    5 4.64M
    2   NR 00 55de   448   0.1  33.6  -95.6    -    0    0    0     0        - 16.5 196    0    6 5.25M
    3   NR 00 6632   448   0.1  33.1  -96.1 22.0    0    0    1  836k  1/1.0/1 13.5 362    0    6 3.87M
    4   NR 00 662a   448   0.1  32.9  -96.3    -    0    0    0     0        -  6.8 122    0    9 9.86M
    1   NR 00 61ca   426   0.1  33.8  -95.5    -    0    0    0     0        - 14.2  59    1    3 6.38M
    2   NR 00 55de   426   0.1  33.6  -95.6  9.0    1    1    1 1.46M  2/3.5/5 15.0 196    0    3 2.67M
----------------------Hz---ppm----dB----dBm-----------------------DL---------- ---------------------UL-
UE_ID  RAT CL RNTI   CFO   SRO  SINR   RSRP  mcs retx rxko rxok brate     #its  mcs  ta retx   tx brate
    3   NR 00 6632   426   0.1  33.1  -96.1 22.0    0    0    1 1.79M  1/1.0/1 14.7 363    0    3 1.17M
    4   NR 00 662a   426   0.1  32.9  -96.4 10.0    0    1    0     0  3/3.0/3 10.0 124    1    4 12.4M
    1   NR 00 61ca   442   0.1  33.8  -95.5 19.0    0    0    1  978k  1/1.0/1  8.7  60    1    5 1.59M
    2   NR 00 55de   442   0.1  33.6  -95.6 10.0    0    0    1  978k  2/2.0/2 12.0 196    0    6 3.13M
    3   NR 00 6632   442   0.1  33.1  -96.2 22.0    0    0    1 1.14M  1/1.5/2  4.2 365    1    5 2.08M
    4   NR 00 662a   442   0.1  32.8  -96.4 22.0    0    0    1 1.14M  2/2.0/2 11.4 126    1    6 5.78M
    1   NR 00 61ca   425   0.1  33.7  -95.5 17.0    1    1    6  502k  1/1.7/5 13.8  60    4   45 4.91M
    2   NR 00 55de   425   0.1  33.6  -95.6 20.8    0    0    6  570k  1/1.1/2  9.5 195    5   49 5.20M
    3   NR 00 6632   425   0.1  33.1  -96.2 22.0    0    0    6  612k  1/1.2/2  9.5 366    1   51 5.10M
    4   NR 00 662a   425   0.1  32.8  -96.4 19.3    1    1    7  658k  1/2.0/5 10.0 127    4   52 5.12M
----------------------Hz---ppm----dB----dBm-----------------------DL---------- ---------------------UL-
UE_ID  RAT CL RNTI   CFO   SRO  SINR   RSRP  mcs retx rxko rxok brate     #its  mcs  ta retx   tx brate
    1   NR 00 61ca   426   0.1  33.7  -95.5    -    0    0    0     0        - 10.3  60    2    4  805k
    2   NR 00 55de   426   0.1  33.6  -95.6  9.0    0    1    0     0  5/5.0/5  8.7 195    1    5 5.93M
    3   NR 00 6632   426   0.1  33.0  -96.2    -    0    0    0     0        - 14.8 367    1    4  446k
    4   NR 00 662a   426   0.1  32.8  -96.4 22.0    0    0    1  793k  1/1.0/1 18.8 129    0    4 2.55M
    1   NR 00 61ca   428   0.1  33.7  -95.5    -    0    0    0     0        - 16.0  61    1    4 1.15M
    2   NR 00 55de   428   0.1  33.6  -95.6  9.0    0    0    1 1.02M  3/3.0/3  8.4 195    0    5 8.94M
    3   NR 00 6632   428   0.1  33.0  -96.2    -    0    0    0     0        -  8.2 368    2    4 4.82M
    4   NR 00 662a   428   0.1  32.8  -96.4 22.0    0    0    1 1.25M  1/1.5/2 12.6 128    0    5 3.12M
    1   NR 00 61ca   449   0.1  33.7  -95.5 20.0    0    0    9  642k  1/1.2/2 11.1  61    7   71 5.21M
    2   NR 00 55de   449   0.1  33.7  -95.6 18.4    1    1    9  625k  1/1.5/5 11.3 194    6   69 5.36M
----------------------Hz---ppm----dB----dBm-----------------------DL---------- ---------------------UL-
UE_ID  RAT CL RNTI   CFO   SRO  SINR   RSRP  mcs retx rxko rxok brate     #its  mcs  ta retx   tx brate
    3   NR 00 6632   449   0.1  33.0  -96.2 22.0    0    0    9  714k  1/1.4/3 11.0 369    5   68 5.03M
    4   NR 00 662a   449   0.1  32.8  -96.4 19.0    0    0    8  554k  1/1.4/2 14.2 127    1   75 5.20M
    1   NR 00 61ca   432   0.1  33.7  -95.5  8.0    1    1    1  512k  1/3.0/5  7.7  62    1    8 5.53M
    2   NR 00 55de   432   0.1  33.7  -95.6  9.0    0    0    2 1.13M  2/3.0/4 13.4 194    0    7 3.41M
    3   NR 00 6632   432   0.1  33.0  -96.2 22.0    0    0    1  697k  1/1.0/1 11.9 371    2    5 1.96M
    4   NR 00 662a   432   0.1  32.8  -96.4 22.0    0    0    1  697k  1/1.0/1  7.8 126    1    8 4.52M
    1   NR 00 61ca   426   0.1  33.7  -95.5  9.0    0    0    1  488k  2/2.0/2 10.3  62    0   10 7.43M
    2   NR 00 55de   426   0.1  33.7  -95.6  9.0    0    0    1  488k  3/3.5/4 12.7 194    0    9 6.69M
    3   NR 00 6632   426   0.1  33.0  -96.3 22.0    0    0    1  597k  1/1.0/1 11.9 372    1    9 5.74M
    4   NR 00 662a   426   0.1  32.9  -96.4 22.0    0    0    1  597k  1/1.0/1 11.3 125    0    9 5.31M
----------------------Hz---ppm----dB----dBm-----------------------DL---------- ---------------------UL-
UE_ID  RAT CL RNTI   CFO   SRO  SINR   RSRP  mcs retx rxko rxok brate     #its  mcs  ta retx   tx brate
    1   NR 00 61ca   422   0.1  33.7  -95.5    -    0    0    0     0        - 10.0  63    0    1 2.81M
    2   NR 00 55de   422   0.1  33.7  -95.6    -    0    0    0     0        - 10.0 194    0    1 4.91M
    3   NR 00 6632   422   0.1  33.0  -96.3    -    0    0    0     0        - 16.0 373    0    2 1.12M
    4   NR 00 662a   422   0.1  32.9  -96.4    -    0    0    0     0        -  4.0 124    0    3 20.2M
    1   NR 00 61ca   395   0.1  33.7  -95.5 20.0    0    0    1 1.02M  2/2.0/2 10.7  63    0    6 8.28M
    2   NR 00 55de   395   0.1  33.7  -95.6 20.0    0    0    1 1.02M  1/1.0/1 13.0 193    0    5 5.54M
    3   NR 00 6632   395   0.1  32.9  -96.3 22.0    0    0    1 1.14M  2/2.5/3 12.8 374    0    4 4.14M
    4   NR 00 662a   395   0.1  32.9  -96.3 22.0    0    0    1 1.14M  2/2.5/3  8.8 123    0    4 8.06M
    1   NR 00 61ca   441   0.1  33.7  -95.5 20.0    0    0    1  939k  1/1.0/1 10.9  64    1    6 4.98M
    2   NR 00 55de   441   0.1  33.7  -95.6 20.0    0    0    1  939k  2/2.0/2 15.2 193    0    6 7.15M
----------------------Hz---ppm----dB----dBm-----------------------DL---------- ---------------------UL-
UE_ID  RAT CL RNTI   CFO   SRO  SINR   RSRP  mcs retx rxko rxok brate     #its  mcs  ta retx   tx brate
    3   NR 00 6632   441   0.1  32.9  -96.3 22.0    0    0    1 1.04M  2/2.5/3 11.5 375    1    5 3.64M
    4   NR 00 662a   441   0.1  32.9  -96.3 22.0    0    0    1 1.04M  2/2.0/2 16.7 122    0    6 2.91M
    1   NR 00 61ca   412   0.1  33.7  -95.5  8.0    1    1    1  709k  2/3.5/5 12.1  64    0    7 6.51M
    2   NR 00 55de   412   0.1  33.7  -95.6  9.0    0    1    0     0  5/5.0/5 10.9 193    0    7 9.39M
    3   NR 00 6632   412   0.1  32.9  -96.3 22.0    0    0    1  965k  1/1.0/1 16.2 377    0    4 3.77M
    4   NR 00 662a   412   0.1  32.9  -96.3 22.0    0    0    1  965k  1/1.0/1  7.1 121    0    7 9.11M
    1   NR 00 61ca   422   0.1  33.7  -95.5  8.0    0    0    1  329k  2/2.5/3 11.8  64    0   12 5.98M
    2   NR 00 55de   422   0.1  33.7  -95.5 20.0    0    0    2  805k  2/2.0/2 11.4 192    1   13 5.65M
    3   NR 00 6632   422   0.1  32.9  -96.3 22.0    0    0    1  448k  2/2.0/2  7.2 378    1   11 5.66M
    4   NR 00 662a   422   0.1  32.9  -96.3 22.0    0    0    1  448k  1/1.0/1 11.9 120    3   10 4.06M
----------------------Hz---ppm----dB----dBm-----------------------DL---------- ---------------------UL-
UE_ID  RAT CL RNTI   CFO   SRO  SINR   RSRP  mcs retx rxko rxok brate     #its  mcs  ta retx   tx brate
    1   NR 00 61ca   429   0.1  33.7  -95.6 18.0    0    0    1  539k  1/1.0/1 11.4  65    1    6 4.02M
    2   NR 00 55de   429   0.1  33.7  -95.5 20.0    0    0    1  593k  2/2.0/2  9.4 192    2    6 3.67M
    3   NR 00 6632   429   0.1  32.9  -96.3 22.0    0    0    1  660k  2/2.0/2 12.5 379    1    7 3.83M
    4   NR 00 662a   429   0.1  32.9  -96.3 10.0    0    0    1  566k  3/3.0/3 14.2 119    1    5 1.85M
    1   NR 00 61ca   394   0.1  33.7  -95.6 20.0    0    0    1  626k  1/1.0/1 12.3  65    1    9 4.30M
    2   NR 00 55de   394   0.1  33.7  -95.5 20.0    0    0    1  626k  1/1.0/1 12.4 192    0    9 5.53M
    3   NR 00 6632   394   0.1  32.9  -96.4 22.0    0    0    1  697k  2/2.5/3 10.2 380    1    9 4.08M
    4   NR 00 662a   394   0.1  32.9  -96.3  9.0    0    0    1  569k  3/3.0/3 10.6 118    0    8 4.97M
    1   NR 00 61ca   377   0.1  33.7  -95.6 19.2    1    1    8  636k  1/1.7/5 12.1  66    6   62 5.31M
    2   NR 00 55de   377   0.1  33.7  -95.5 17.6    0    0    9  690k  1/1.4/3 12.3 192    2   67 5.20M
----------------------Hz---ppm----dB----dBm-----------------------DL---------- ---------------------UL-
UE_ID  RAT CL RNTI   CFO   SRO  SINR   RSRP  mcs retx rxko rxok brate     #its  mcs  ta retx   tx brate
    3   NR 00 6632   377   0.1  32.9  -96.4 20.5    0    0    8  652k  1/1.4/2 10.7 382    4   66 5.62M
    4   NR 00 662a   377   0.1  33.0  -96.3 14.5    2    2    8  635k  1/2.2/4 11.5 117    2   63 4.86M
    1   NR 00 61ca   406   0.1  33.6  -95.6 15.3    1    1    7  574k  1/1.9/5 13.1  66    2   58 4.93M
    2   NR 00 55de   406   0.1  33.7  -95.5 16.6    1    1    7  535k  1/1.4/3  9.8 192    6   60 5.26M
    3   NR 00 6632   406   0.1  32.8  -96.4 22.0    0    0    7  665k  1/1.5/3 10.1 383    4   57 5.21M
    4   NR 00 662a   406   0.1  33.0  -96.3 19.0    2    2    8  733k  1/2.1/5 14.8 116    0   60 5.39M
    1   NR 00 61ca   414   0.1  33.6  -95.6 17.6    1    1    7  550k  1/2.0/5 11.9  67    4   55 5.30M
    2   NR 00 55de   414   0.1  33.7  -95.5 19.0    0    0    7  529k  1/1.2/2 10.8 191    3   57 4.95M
    3   NR 00 6632   414   0.1  32.8  -96.4 22.0    0    0    7  650k  1/2.4/4 12.3 384    3   54 5.21M
    4   NR 00 662a   414   0.1  33.0  -96.2 21.9    0    0    7  645k  1/1.4/2 11.1 116    6   57 4.88M
----------------------Hz---ppm----dB----dBm-----------------------DL---------- ---------------------UL-
UE_ID  RAT CL RNTI   CFO   SRO  SINR   RSRP  mcs retx rxko rxok brate     #its  mcs  ta retx   tx brate
    1   NR 00 61ca   407   0.1  33.6  -95.6 11.6    2    2    8  548k  1/1.9/5 13.2  67    3   64 5.25M
    2   NR 00 55de   407   0.1  33.7  -95.5 15.6    0    0    7  480k  1/1.6/5 10.9 191    7   56 5.04M
    3   NR 00 6632   407   0.1  32.8  -96.4 22.0    0    0    8  699k  1/1.8/4 13.4 385    3   61 5.23M
    4   NR 00 662a   407   0.1  33.0  -96.2 20.6    1    1    7  635k  1/2.0/5 10.2 115    4   62 5.52M
    1   NR 00 61ca   437   0.1  33.6  -95.6 17.2    1    1    6  488k  1/1.7/5 12.0  68    4   53 5.16M
    2   NR 00 55de   437   0.1  33.7  -95.5 15.0    0    0    7  570k  1/1.6/4  9.4 191    6   50 5.17M
    3   NR 00 6632   437   0.1  32.8  -96.4 22.0    0    0    7  645k  1/1.4/3 11.8 384    4   55 4.90M
    4   NR 00 662a   437   0.1  33.0  -96.2 22.0    0    0    7  645k  1/1.4/2  9.7 114    4   53 5.12M
[2025-05-13 15:49:14.923] TRX port #0 underflow=0% (11)
    1   NR 00 61ca   460   0.1  33.6  -95.6 12.6    0    0    7  421k  1/1.5/3 10.1  69    2   54 4.92M
    2   NR 00 55de   460   0.1  33.7  -95.5 16.3    1    1    7  554k  1/2.0/5 12.1 191    2   55 5.02M
----------------------Hz---ppm----dB----dBm-----------------------DL---------- ---------------------UL-
UE_ID  RAT CL RNTI   CFO   SRO  SINR   RSRP  mcs retx rxko rxok brate     #its  mcs  ta retx   tx brate
    3   NR 00 6632   460   0.1  32.8  -96.4 17.9    2    2    8  703k  1/2.3/5 10.9 383    4   58 5.04M
    4   NR 00 662a   460   0.1  33.0  -96.2 20.3    0    0    7  647k  1/1.5/3 11.0 113    4   59 5.11M
    1   NR 00 61ca   441   0.1  33.6  -95.6 17.4    0    0    7  519k  1/1.4/3 11.5  69    6   51 5.07M
    2   NR 00 55de   441   0.1  33.7  -95.5 17.4    2    2    7  555k  1/2.1/5  9.1 191    3   60 5.46M
    3   NR 00 6632   441   0.1  32.9  -96.4 19.5    1    1    8  703k  1/1.7/5 12.0 382    4   55 5.44M
    4   NR 00 662a   441   0.1  33.0  -96.2 22.0    1    0    8  662k  1/1.3/2 10.9 112    6   61 5.30M
    1   NR 00 61ca   396   0.1  33.6  -95.6 20.2    0    0    8  642k  1/1.4/2 14.4  70    4   65 5.24M
    2   NR 00 55de   396   0.1  33.7  -95.5 18.0    2    2    8  642k  1/2.2/5 11.5 190    6   62 4.89M
    3   NR 00 6632   396   0.1  32.9  -96.4 22.6    0    0    7  633k  1/1.6/3 10.8 381    4   64 5.20M
    4   NR 00 662a   396   0.1  33.0  -96.2 18.9    1    1    7  607k  1/2.4/4 12.6 111    3   60 5.16M
----------------------Hz---ppm----dB----dBm-----------------------DL---------- ---------------------UL-
UE_ID  RAT CL RNTI   CFO   SRO  SINR   RSRP  mcs retx rxko rxok brate     #its  mcs  ta retx   tx brate
    1   NR 00 61ca   415   0.1  33.6  -95.6 18.7    1    1    7  616k  1/2.1/5 11.5  70    5   51 5.04M
    2   NR 00 55de   415   0.1  33.7  -95.5 19.0    1    1    7  642k  1/1.4/3 12.4 190    0   57 5.26M
    3   NR 00 6632   415   0.1  32.9  -96.4 17.9    2    2    7  678k  1/2.2/5 12.8 380    6   55 5.07M
    4   NR 00 662a   415   0.1  33.0  -96.2 18.6    0    0    7  658k  1/2.6/5  9.8 110    4   55 5.23M
    1   NR 00 61ca   421   0.1  33.6  -95.6 19.0    0    0    1  512k  1/1.0/1  8.5  71    0   10 4.72M
    2   NR 00 55de   421   0.1  33.7  -95.5 20.0    0    0    1  536k  2/2.0/2 11.5 190    3    9 5.47M
    3   NR 00 6632   421   0.1  32.9  -96.3 22.0    0    0    1  597k  2/2.0/2 13.2 379    2    7 5.01M
    4   NR 00 662a   421   0.1  33.1  -96.2 12.0    2    2    2 1.21M  1/2.0/4 13.5 109    0   11 4.41M
    1   NR 00 61ca   413   0.1  33.6  -95.7 18.2    0    0    6  484k  1/1.5/3  9.0  72    4   51 5.00M
    2   NR 00 55de   413   0.1  33.7  -95.5 15.2    0    0    6  467k  1/1.5/3 10.4 190    3   51 5.04M
----------------------Hz---ppm----dB----dBm-----------------------DL---------- ---------------------UL-
UE_ID  RAT CL RNTI   CFO   SRO  SINR   RSRP  mcs retx rxko rxok brate     #its  mcs  ta retx   tx brate
    3   NR 00 6632   413   0.1  32.9  -96.3 18.4    2    2    7  617k  1/2.3/5 12.4 378    3   53 5.24M
    4   NR 00 662a   413   0.1  33.1  -96.2 20.3    0    0    7  667k  1/1.8/4 10.8 108    4   52 5.42M
    1   NR 00 61ca   433   0.1  33.6  -95.7 19.0    0    0    1  896k  1/1.0/1 10.6  72    0    5 3.75M
    2   NR 00 55de   433   0.1  33.7  -95.5 20.0    0    0    1  939k  1/1.0/1 11.0 190    0    6 5.19M
    3   NR 00 6632   433   0.1  32.9  -96.3 22.0    0    0    1 1.04M  1/1.0/1 14.2 376    1    5 3.98M
    4   NR 00 662a   433   0.1  33.1  -96.1 21.0    0    0    1  982k  1/1.0/1 13.8 107    0    5 3.04M
    1   NR 00 61ca   437   0.1  33.6  -95.7 20.0    0    0    1  751k  1/1.0/1 15.4  73    0    5 5.90M
    2   NR 00 55de   437   0.1  33.7  -95.5 10.0    0    0    1  717k  2/2.0/2 12.3 190    0    7 5.96M
    3   NR 00 6632   437   0.1  32.9  -96.3 23.0    0    0    1  870k  1/1.0/1 11.0 376    2    6 5.94M
    4   NR 00 662a   437   0.1  33.1  -96.1 21.0    0    0    1  785k  2/2.0/2 11.1 107    0    7 8.07M
----------------------Hz---ppm----dB----dBm-----------------------DL---------- ---------------------UL-
UE_ID  RAT CL RNTI   CFO   SRO  SINR   RSRP  mcs retx rxko rxok brate     #its  mcs  ta retx   tx brate
    1   NR 00 61ca   421   0.1  33.5  -95.7 20.0    0    0    1  704k  1/1.5/2  7.1  73    2    7 2.61M
    2   NR 00 55de   421   0.1  33.7  -95.5 20.0    0    0    1  704k  1/1.0/1 11.8 190    3    6  659k
    3   NR 00 6632   421   0.1  32.9  -96.3 12.0    1    1    1  800k  1/3.0/5 14.0 375    0    7 4.62M
    4   NR 00 662a   421   0.1  33.1  -96.1 21.0    0    0    1  736k  2/2.0/2  3.7 106    1    8 2.14M
    1   NR 00 61ca   432   0.1  33.5  -95.7 20.0    0    0    1  512k  1/1.0/1 10.6  74    0    8 4.37M
    2   NR 00 55de   432   0.1  33.7  -95.5  8.0    1    1    1  419k  2/3.5/5 14.7 190    2    8 4.18M
    3   NR 00 6632   432   0.1  33.0  -96.3 22.0    0    0    1  570k  1/1.0/1  9.0 374    1   10 6.27M
    4   NR 00 662a   432   0.1  33.1  -96.1  9.0    0    0    2  931k  1/1.8/2 12.9 105    0   10 5.15M
    1   NR 00 61ca   430   0.1  33.5  -95.7    -    0    0    0     0        - 12.5  75    0    2  372k
    2   NR 00 55de   430   0.1  33.7  -95.5    -    0    0    0     0        - 15.7 190    0    3 8.96M
----------------------Hz---ppm----dB----dBm-----------------------DL---------- ---------------------UL-
UE_ID  RAT CL RNTI   CFO   SRO  SINR   RSRP  mcs retx rxko rxok brate     #its  mcs  ta retx   tx brate
    3   NR 00 6632   430   0.1  33.0  -96.3    -    0    0    0     0        - 16.3 373    1    2  896k
    4   NR 00 662a   430   0.1  33.1  -96.1    -    0    0    0     0        - 13.3 104    0    3 9.49M
    1   NR 00 61ca   406   0.1  33.5  -95.7  8.0    0    0    1  485k  2/2.0/2 11.0  75    1    9 4.93M
    2   NR 00 55de   406   0.1  33.7  -95.5  8.0    0    0    1  485k  2/2.0/2 11.9 190    1    7 5.60M
    3   NR 00 6632   406   0.1  33.0  -96.3 10.0    1    2    0     0  2/3.5/5 12.4 372    0    9 5.86M
    4   NR 00 662a   406   0.1  33.1  -96.1 21.0    0    0    1  620k  1/1.0/1 13.4 103    0    9 4.33M
    1   NR 00 61ca   454   0.1  33.5  -95.7 20.0    0    0    2  980k  1/1.5/2  9.6  76    1    9 6.19M
    2   NR 00 55de   454   0.1  33.7  -95.5  8.0    0    0    2  802k  2/2.5/3 11.8 190    0   11 3.63M
    3   NR 00 6632   454   0.1  33.0  -96.2 22.0    0    0    2  890k  1/2.3/3  9.1 371    0   11 6.08M
    4   NR 00 662a   454   0.1  33.2  -96.1 21.0    0    0    1  512k  1/1.0/1 11.3 102    0   10 4.33M
----------------------Hz---ppm----dB----dBm-----------------------DL---------- ---------------------UL-
UE_ID  RAT CL RNTI   CFO   SRO  SINR   RSRP  mcs retx rxko rxok brate     #its  mcs  ta retx   tx brate
    1   NR 00 61ca   400   0.1  33.5  -95.7 20.0    1    0    2  978k  1/1.5/2 12.4  77    0   10 6.25M
    2   NR 00 55de   400   0.1  33.7  -95.5 20.0    0    0    1  512k  1/1.0/1  7.7 189    1    8 4.29M
    3   NR 00 6632   400   0.1  33.0  -96.2 10.0    1    1    1  489k  3/4.0/5 10.7 370    1    9 6.82M
    4   NR 00 662a   400   0.1  33.2  -96.1 21.0    0    0    1  535k  1/1.0/1 15.3 101    1    5 3.15M
    1   NR 00 61ca   403   0.1  33.5  -95.7 18.0    0    0    1  569k  1/1.0/1 13.7  77    1    5 4.51M
    2   NR 00 55de   403   0.1  33.7  -95.5 20.0    0    0    1  626k  1/1.0/1 10.4 189    0    7 4.81M
    3   NR 00 6632   403   0.1  33.0  -96.2 21.0    0    0    1  654k  2/2.5/3 11.0 369    0    8 8.17M
    4   NR 00 662a   403   0.1  33.2  -96.1    -    0    0    0     0        -  9.6 101    1    6 4.55M
[2025-05-13 15:49:44.926] TRX port #0 underflow=0% (18)
    1   NR 00 61ca   446   0.1  33.5  -95.7 18.4    1    1    8  638k  1/2.0/5 10.9  78    4   55 5.15M
    2   NR 00 55de   446   0.1  33.7  -95.5 17.6    1    2    7  530k  1/1.8/5  9.4 189    2   65 5.10M
----------------------Hz---ppm----dB----dBm-----------------------DL---------- ---------------------UL-
UE_ID  RAT CL RNTI   CFO   SRO  SINR   RSRP  mcs retx rxko rxok brate     #its  mcs  ta retx   tx brate
    3   NR 00 6632   446   0.1  33.0  -96.2 22.0    0    0    8  727k  1/1.7/3 11.2 368    4   60 4.99M
    4   NR 00 662a   446   0.1  33.2  -96.0 18.6    2    3    7  595k  1/2.2/5 11.5 100    5   59 5.41M
    1   NR 00 61ca   416   0.1  33.5  -95.8 20.0    0    0    1  469k  1/1.0/1 15.5  79    0   10 3.20M
    2   NR 00 55de   416   0.1  33.7  -95.5 19.0    0    0    1  448k  1/1.0/1  9.2 189    2   11 5.27M
    3   NR 00 6632   416   0.1  33.0  -96.2 21.0    1    0    2  939k  1/1.5/2 13.3 367    0   12 5.46M
    4   NR 00 662a   416   0.1  33.2  -96.0 21.5    0    0    2  821k  1/1.3/2  9.8  99    1   11 4.74M
    1   NR 00 61ca   431   0.1  33.5  -95.8  8.0    0    0    1  542k  2/2.0/2  8.5  79    0    8 6.09M
    2   NR 00 55de   431   0.1  33.7  -95.5    -    0    0    0     0        -  6.8 189    0    5  173k
    3   NR 00 6632   431   0.1  33.1  -96.2    -    0    0    0     0        - 14.7 366    0    6 4.19M
    4   NR 00 662a   431   0.1  33.2  -96.0 21.0    0    0    1  693k  1/1.0/1 15.5  98    2    6 6.44M
----------------------Hz---ppm----dB----dBm-----------------------DL---------- ---------------------UL-
UE_ID  RAT CL RNTI   CFO   SRO  SINR   RSRP  mcs retx rxko rxok brate     #its  mcs  ta retx   tx brate
    1   NR 00 61ca   409   0.1  33.5  -95.8    -    0    0    0     0        - 13.8  80    1    7 4.46M
    2   NR 00 55de   409   0.1  33.7  -95.5    -    0    0    0     0        - 12.1 189    0    7  424k
    3   NR 00 6632   409   0.1  33.1  -96.2    -    0    0    0     0        - 11.4 365    0    7  400k
    4   NR 00 662a   409   0.1  33.2  -96.0 21.0    0    0    1  785k  1/1.0/1  9.9  97    0    9 6.88M
    1   NR 00 61ca   406   0.1  33.4  -95.8 19.0    0    0    1  827k  1/1.0/1 10.1  81    0    7 5.05M
    2   NR 00 55de   406   0.1  33.7  -95.5    -    0    0    0     0        -  7.7 189    0    7  363k
    3   NR 00 6632   406   0.1  33.1  -96.2    -    0    0    0     0        -  6.6 364    0    7  396k
    4   NR 00 662a   406   0.1  33.2  -96.0    -    0    0    0     0        - 11.7  97    0    7  475k
    1   NR 00 61ca   428   0.1  33.4  -95.8 20.0    0    0    1  704k  1/1.5/2 13.0  81    1    8 4.52M
    2   NR 00 55de   428   0.1  33.7  -95.5    -    0    0    0     0        - 11.3 189    0    9  474k
----------------------Hz---ppm----dB----dBm-----------------------DL---------- ---------------------UL-
UE_ID  RAT CL RNTI   CFO   SRO  SINR   RSRP  mcs retx rxko rxok brate     #its  mcs  ta retx   tx brate
    3   NR 00 6632   428   0.1  33.1  -96.1    -    0    0    0     0        - 12.3 363    0    9  524k
    4   NR 00 662a   428   0.1  33.2  -96.0    -    0    0    0     0        -  9.4  96    0    9  406k
    1   NR 00 61ca   420   0.1  33.4  -95.8 10.0    0    0    1  512k  1/1.0/1  9.8  82    1   11 5.75M
    2   NR 00 55de   420   0.1  33.7  -95.5    -    0    0    0     0        -  8.3 189    0   12  399k
    3   NR 00 6632   420   0.1  33.1  -96.1    -    0    0    0     0        -  6.2 362    1   11  378k
    4   NR 00 662a   420   0.1  33.2  -96.0    -    0    0    0     0        -  7.6  95    0   12  377k
    1   NR 00 61ca   426   0.1  33.4  -95.8 16.4    1    1    9  774k  1/1.7/4 10.4  83    5   73 5.12M
    2   NR 00 55de   426   0.1  33.7  -95.5    -    0    0    0     0        - 10.5 189    1   76  445k
    3   NR 00 6632   426   0.1  33.1  -96.1    -    0    0    0     0        - 10.5 361    2   72  416k
    4   NR 00 662a   426   0.1  33.3  -96.0    -    0    0    0     0        -  9.2  94    1   73  394k
----------------------Hz---ppm----dB----dBm-----------------------DL---------- ---------------------UL-
UE_ID  RAT CL RNTI   CFO   SRO  SINR   RSRP  mcs retx rxko rxok brate     #its  mcs  ta retx   tx brate
    1   NR 00 61ca   386   0.1  33.4  -95.8 20.0    0    0    1  477k  1/1.0/1 12.8  84    1    7 4.29M
    2   NR 00 55de   386   0.1  33.7  -95.5    -    0    0    0     0        - 11.1 189    0    8  440k
    3   NR 00 6632   386   0.1  33.1  -96.1    -    0    0    0     0        - 10.1 360    0    8  406k
    4   NR 00 662a   386   0.1  33.3  -96.0    -    0    0    0     0        -  8.9  94    0    8  361k
    1   NR 00 61ca   416   0.1  33.4  -95.8 21.0    0    0    1 5.89M  1/1.0/1 12.0  84    1    0     0
    2   NR 00 55de   416   0.1  33.7  -95.5    -    0    0    0     0        -  3.0 189    0    1  252k
    3   NR 00 6632   416   0.1  33.1  -96.1    -    0    0    0     0        -  6.0 360    0    1  368k
    4   NR 00 662a   416   0.1  33.3  -95.9    -    0    0    0     0        -  9.0  93    0    1  352k
    1   NR 00 61ca   414   0.1  33.4  -95.8 21.0    0    0    2 1.12M  1/1.5/2  9.4  85    1   11 4.40M
    2   NR 00 55de   414   0.1  33.7  -95.5    -    0    0    0     0        -  7.1 190    2    9  311k
----------------------Hz---ppm----dB----dBm-----------------------DL---------- ---------------------UL-
UE_ID  RAT CL RNTI   CFO   SRO  SINR   RSRP  mcs retx rxko rxok brate     #its  mcs  ta retx   tx brate
    3   NR 00 6632   414   0.1  33.1  -96.1    -    0    0    0     0        -  7.2 359    1   10  308k
    4   NR 00 662a   414   0.1  33.3  -95.9    -    0    0    0     0        -  6.8  92    0   11  341k
    1   NR 00 61ca   436   0.1  33.4  -95.9    -    0    0    0     0        -  7.0  86    0    5  364k
    2   NR 00 55de   436   0.1  33.7  -95.5    -    0    0    0     0        - 10.8 190    0    5  448k
    3   NR 00 6632   436   0.1  33.2  -96.1    -    0    0    0     0        -  7.0 358    0    5  350k
    4   NR 00 662a   436   0.1  33.3  -95.9    -    0    0    0     0        -  4.2  91    0    5  382k
    1   NR 00 61ca   410   0.1  33.4  -95.9    -    0    0    0     0        - 11.6  86    1    6  433k
    2   NR 00 55de   410   0.1  33.7  -95.5    -    0    0    0     0        -  4.9 190    0    7  438k
    3   NR 00 6632   410   0.1  33.2  -96.1    -    0    0    0     0        -  7.6 357    0    7  347k
    4   NR 00 662a   410   0.1  33.3  -95.9    -    0    0    0     0        - 11.9  90    1    6  438k
----------------------Hz---ppm----dB----dBm-----------------------DL---------- ---------------------UL-
UE_ID  RAT CL RNTI   CFO   SRO  SINR   RSRP  mcs retx rxko rxok brate     #its  mcs  ta retx   tx brate
    1   NR 00 61ca   397   0.1  33.4  -95.9    -    0    0    0     0        -  8.3  87    0   73  428k
    2   NR 00 55de   397   0.1  33.7  -95.5    -    0    0    0     0        -  9.8 190    1   72  447k
    3   NR 00 6632   397   0.1  33.2  -96.0    -    0    0    0     0        -  7.5 356    0   73  427k
    4   NR 00 662a   397   0.1  33.3  -95.9    -    0    0    0     0        -  8.1  90    2   71  432k
    1   NR 00 61ca   404   0.1  33.3  -95.9    -    0    0    0     0        - 10.0  88    0   11  461k
    2   NR 00 55de   404   0.1  33.7  -95.5    -    0    0    0     0        -  9.1 190    0   11  464k
    3   NR 00 6632   404   0.1  33.2  -96.0    -    0    0    0     0        - 10.1 355    0   11  458k
    4   NR 00 662a   404   0.1  33.3  -95.9    -    0    0    0     0        -  9.5  89    0   11  456k
[2025-05-13 15:50:14.929] TRX port #0 underflow=0% (1)

Session terminated, killing shell...