[
  {
    "start": {
      "connected": [
        {
          "socket": 5,
          "local_host": "10.3.202.68",
          "local_port": 37650,
          "remote_host": "10.3.7.11",
          "remote_port": 1029
        }
      ],
      "version": "iperf 3.10.1",
      "system_info": "Linux amarisoft 6.2.15-100.fc36.x86_64 #1 SMP PREEMPT_DYNAMIC Thu May 11 16:51:53 UTC 2023 x86_64",
      "timestamp": {
        "time": "Wed, 21 May 2025 13:23:10 GMT",
        "timesecs": 1747833790
      },
      "connecting_to": {
        "host": "10.3.7.11",
        "port": 1029
      },
      "cookie": "fcvb52mvuuzcole6y366wu6s5pxtxyyrd4ip",
      "sock_bufsize": 0,
      "sndbuf_actual": 212992,
      "rcvbuf_actual": 212992,
      "test_start": {
        "protocol": "UDP",
        "num_streams": 1,
        "blksize": 1448,
        "omit": 0,
        "duration": 30,
        "bytes": 0,
        "blocks": 0,
        "reverse": 0,
        "tos": 0
      }
    },
    "intervals": [
      {
        "streams": [
          {
            "socket": 5,
            "start": 0,
            "end": 1.000055,
            "seconds": 1.000054955482483,
            "bytes": 1249624,
            "bits_per_second": 9996442.64067157,
            "packets": 863,
            "omitted": false,
            "sender": true
          }
        ],
        "sum": {
          "start": 0,
          "end": 1.000055,
          "seconds": 1.000054955482483,
          "bytes": 1249624,
          "bits_per_second": 9996442.64067157,
          "packets": 863,
          "omitted": false,
          "sender": true
        }
      },
      {
        "streams": [
          {
            "socket": 5,
            "start": 1.000055,
            "end": 2.000055,
            "seconds": 1,
            "bytes": 1249624,
            "bits_per_second": 9996992,
            "packets": 863,
            "omitted": false,
            "sender": true
          }
        ],
        "sum": {
          "start": 1.000055,
          "end": 2.000055,
          "seconds": 1,
          "bytes": 1249624,
          "bits_per_second": 9996992,
          "packets": 863,
          "omitted": false,
          "sender": true
        }
      },
      {
        "streams": [
          {
            "socket": 5,
            "start": 2.000055,
            "end": 3.000055,
            "seconds": 1,
            "bytes": 1249624,
            "bits_per_second": 9996992,
            "packets": 863,
            "omitted": false,
            "sender": true
          }
        ],
        "sum": {
          "start": 2.000055,
          "end": 3.000055,
          "seconds": 1,
          "bytes": 1249624,
          "bits_per_second": 9996992,
          "packets": 863,
          "omitted": false,
          "sender": true
        }
      },
      {
        "streams": [
          {
            "socket": 5,
            "start": 3.000055,
            "end": 4.000056,
            "seconds": 1.0000009536743164,
            "bytes": 1251072,
            "bits_per_second": 10008566.455087228,
            "packets": 864,
            "omitted": false,
            "sender": true
          }
        ],
        "sum": {
          "start": 3.000055,
          "end": 4.000056,
          "seconds": 1.0000009536743164,
          "bytes": 1251072,
          "bits_per_second": 10008566.455087228,
          "packets": 864,
          "omitted": false,
          "sender": true
        }
      },
      {
        "streams": [
          {
            "socket": 5,
            "start": 4.000056,
            "end": 5.000055,
            "seconds": 0.9999989867210388,
            "bytes": 1249624,
            "bits_per_second": 9997002.129751934,
            "packets": 863,
            "omitted": false,
            "sender": true
          }
        ],
        "sum": {
          "start": 4.000056,
          "end": 5.000055,
          "seconds": 0.9999989867210388,
          "bytes": 1249624,
          "bits_per_second": 9997002.129751934,
          "packets": 863,
          "omitted": false,
          "sender": true
        }
      },
      {
        "streams": [
          {
            "socket": 5,
            "start": 5.000055,
            "end": 6.000055,
            "seconds": 1,
            "bytes": 1249624,
            "bits_per_second": 9996992,
            "packets": 863,
            "omitted": false,
            "sender": true
          }
        ],
        "sum": {
          "start": 5.000055,
          "end": 6.000055,
          "seconds": 1,
          "bytes": 1249624,
          "bits_per_second": 9996992,
          "packets": 863,
          "omitted": false,
          "sender": true
        }
      },
      {
        "streams": [
          {
            "socket": 5,
            "start": 6.000055,
            "end": 7.000055,
            "seconds": 1,
            "bytes": 1251072,
            "bits_per_second": 10008576,
            "packets": 864,
            "omitted": false,
            "sender": true
          }
        ],
        "sum": {
          "start": 6.000055,
          "end": 7.000055,
          "seconds": 1,
          "bytes": 1251072,
          "bits_per_second": 10008576,
          "packets": 864,
          "omitted": false,
          "sender": true
        }
      },
      {
        "streams": [
          {
            "socket": 5,
            "start": 7.000055,
            "end": 8.000055,
            "seconds": 1,
            "bytes": 1249624,
            "bits_per_second": 9996992,
            "packets": 863,
            "omitted": false,
            "sender": true
          }
        ],
        "sum": {
          "start": 7.000055,
          "end": 8.000055,
          "seconds": 1,
          "bytes": 1249624,
          "bits_per_second": 9996992,
          "packets": 863,
          "omitted": false,
          "sender": true
        }
      },
      {
        "streams": [
          {
            "socket": 5,
            "start": 8.000055,
            "end": 9.000056,
            "seconds": 1.0000009536743164,
            "bytes": 1249624,
            "bits_per_second": 9996982.46613458,
            "packets": 863,
            "omitted": false,
            "sender": true
          }
        ],
        "sum": {
          "start": 8.000055,
          "end": 9.000056,
          "seconds": 1.0000009536743164,
          "bytes": 1249624,
          "bits_per_second": 9996982.46613458,
          "packets": 863,
          "omitted": false,
          "sender": true
        }
      },
      {
        "streams": [
          {
            "socket": 5,
            "start": 9.000056,
            "end": 10.000055,
            "seconds": 0.9999989867210388,
            "bytes": 1249624,
            "bits_per_second": 9997002.129751934,
            "packets": 863,
            "omitted": false,
            "sender": true
          }
        ],
        "sum": {
          "start": 9.000056,
          "end": 10.000055,
          "seconds": 0.9999989867210388,
          "bytes": 1249624,
          "bits_per_second": 9997002.129751934,
          "packets": 863,
          "omitted": false,
          "sender": true
        }
      },
      {
        "streams": [
          {
            "socket": 5,
            "start": 10.000055,
            "end": 11.000055,
            "seconds": 1,
            "bytes": 1251072,
            "bits_per_second": 10008576,
            "packets": 864,
            "omitted": false,
            "sender": true
          }
        ],
        "sum": {
          "start": 10.000055,
          "end": 11.000055,
          "seconds": 1,
          "bytes": 1251072,
          "bits_per_second": 10008576,
          "packets": 864,
          "omitted": false,
          "sender": true
        }
      },
      {
        "streams": [
          {
            "socket": 5,
            "start": 11.000055,
            "end": 12.000055,
            "seconds": 1,
            "bytes": 1249624,
            "bits_per_second": 9996992,
            "packets": 863,
            "omitted": false,
            "sender": true
          }
        ],
        "sum": {
          "start": 11.000055,
          "end": 12.000055,
          "seconds": 1,
          "bytes": 1249624,
          "bits_per_second": 9996992,
          "packets": 863,
          "omitted": false,
          "sender": true
        }
      },
      {
        "streams": [
          {
            "socket": 5,
            "start": 12.000055,
            "end": 13.000055,
            "seconds": 1,
            "bytes": 1249624,
            "bits_per_second": 9996992,
            "packets": 863,
            "omitted": false,
            "sender": true
          }
        ],
        "sum": {
          "start": 12.000055,
          "end": 13.000055,
          "seconds": 1,
          "bytes": 1249624,
          "bits_per_second": 9996992,
          "packets": 863,
          "omitted": false,
          "sender": true
        }
      },
      {
        "streams": [
          {
            "socket": 5,
            "start": 13.000055,
            "end": 14.000055,
            "seconds": 1,
            "bytes": 1249624,
            "bits_per_second": 9996992,
            "packets": 863,
            "omitted": false,
            "sender": true
          }
        ],
        "sum": {
          "start": 13.000055,
          "end": 14.000055,
          "seconds": 1,
          "bytes": 1249624,
          "bits_per_second": 9996992,
          "packets": 863,
          "omitted": false,
          "sender": true
        }
      },
      {
        "streams": [
          {
            "socket": 5,
            "start": 14.000055,
            "end": 15.000055,
            "seconds": 1,
            "bytes": 1251072,
            "bits_per_second": 10008576,
            "packets": 864,
            "omitted": false,
            "sender": true
          }
        ],
        "sum": {
          "start": 14.000055,
          "end": 15.000055,
          "seconds": 1,
          "bytes": 1251072,
          "bits_per_second": 10008576,
          "packets": 864,
          "omitted": false,
          "sender": true
        }
      },
      {
        "streams": [
          {
            "socket": 5,
            "start": 15.000055,
            "end": 16.000055,
            "seconds": 1,
            "bytes": 1249624,
            "bits_per_second": 9996992,
            "packets": 863,
            "omitted": false,
            "sender": true
          }
        ],
        "sum": {
          "start": 15.000055,
          "end": 16.000055,
          "seconds": 1,
          "bytes": 1249624,
          "bits_per_second": 9996992,
          "packets": 863,
          "omitted": false,
          "sender": true
        }
      },
      {
        "streams": [
          {
            "socket": 5,
            "start": 16.000055,
            "end": 17.000055,
            "seconds": 1,
            "bytes": 1249624,
            "bits_per_second": 9996992,
            "packets": 863,
            "omitted": false,
            "sender": true
          }
        ],
        "sum": {
          "start": 16.000055,
          "end": 17.000055,
          "seconds": 1,
          "bytes": 1249624,
          "bits_per_second": 9996992,
          "packets": 863,
          "omitted": false,
          "sender": true
        }
      },
      {
        "streams": [
          {
            "socket": 5,
            "start": 17.000055,
            "end": 18.000055,
            "seconds": 1,
            "bytes": 1249624,
            "bits_per_second": 9996992,
            "packets": 863,
            "omitted": false,
            "sender": true
          }
        ],
        "sum": {
          "start": 17.000055,
          "end": 18.000055,
          "seconds": 1,
          "bytes": 1249624,
          "bits_per_second": 9996992,
          "packets": 863,
          "omitted": false,
          "sender": true
        }
      },
      {
        "streams": [
          {
            "socket": 5,
            "start": 18.000055,
            "end": 19.000055,
            "seconds": 1,
            "bytes": 1251072,
            "bits_per_second": 10008576,
            "packets": 864,
            "omitted": false,
            "sender": true
          }
        ],
        "sum": {
          "start": 18.000055,
          "end": 19.000055,
          "seconds": 1,
          "bytes": 1251072,
          "bits_per_second": 10008576,
          "packets": 864,
          "omitted": false,
          "sender": true
        }
      },
      {
        "streams": [
          {
            "socket": 5,
            "start": 19.000055,
            "end": 20.000056,
            "seconds": 1.0000009536743164,
            "bytes": 1249624,
            "bits_per_second": 9996982.46613458,
            "packets": 863,
            "omitted": false,
            "sender": true
          }
        ],
        "sum": {
          "start": 19.000055,
          "end": 20.000056,
          "seconds": 1.0000009536743164,
          "bytes": 1249624,
          "bits_per_second": 9996982.46613458,
          "packets": 863,
          "omitted": false,
          "sender": true
        }
      },
      {
        "streams": [
          {
            "socket": 5,
            "start": 20.000056,
            "end": 21.000056,
            "seconds": 1,
            "bytes": 1249624,
            "bits_per_second": 9996992,
            "packets": 863,
            "omitted": false,
            "sender": true
          }
        ],
        "sum": {
          "start": 20.000056,
          "end": 21.000056,
          "seconds": 1,
          "bytes": 1249624,
          "bits_per_second": 9996992,
          "packets": 863,
          "omitted": false,
          "sender": true
        }
      },
      {
        "streams": [
          {
            "socket": 5,
            "start": 21.000056,
            "end": 22.000056,
            "seconds": 1,
            "bytes": 1249624,
            "bits_per_second": 9996992,
            "packets": 863,
            "omitted": false,
            "sender": true
          }
        ],
        "sum": {
          "start": 21.000056,
          "end": 22.000056,
          "seconds": 1,
          "bytes": 1249624,
          "bits_per_second": 9996992,
          "packets": 863,
          "omitted": false,
          "sender": true
        }
      },
      {
        "streams": [
          {
            "socket": 5,
            "start": 22.000056,
            "end": 23.000055,
            "seconds": 0.9999989867210388,
            "bytes": 1251072,
            "bits_per_second": 10008586.141489768,
            "packets": 864,
            "omitted": false,
            "sender": true
          }
        ],
        "sum": {
          "start": 22.000056,
          "end": 23.000055,
          "seconds": 0.9999989867210388,
          "bytes": 1251072,
          "bits_per_second": 10008586.141489768,
          "packets": 864,
          "omitted": false,
          "sender": true
        }
      },
      {
        "streams": [
          {
            "socket": 5,
            "start": 23.000055,
            "end": 24.000054,
            "seconds": 0.9999989867210388,
            "bytes": 1249624,
            "bits_per_second": 9997002.129751934,
            "packets": 863,
            "omitted": false,
            "sender": true
          }
        ],
        "sum": {
          "start": 23.000055,
          "end": 24.000054,
          "seconds": 0.9999989867210388,
          "bytes": 1249624,
          "bits_per_second": 9997002.129751934,
          "packets": 863,
          "omitted": false,
          "sender": true
        }
      },
      {
        "streams": [
          {
            "socket": 5,
            "start": 24.000054,
            "end": 25.000055,
            "seconds": 1.0000009536743164,
            "bytes": 1249624,
            "bits_per_second": 9996982.46613458,
            "packets": 863,
            "omitted": false,
            "sender": true
          }
        ],
        "sum": {
          "start": 24.000054,
          "end": 25.000055,
          "seconds": 1.0000009536743164,
          "bytes": 1249624,
          "bits_per_second": 9996982.46613458,
          "packets": 863,
          "omitted": false,
          "sender": true
        }
      },
      {
        "streams": [
          {
            "socket": 5,
            "start": 25.000055,
            "end": 26.000056,
            "seconds": 1.0000009536743164,
            "bytes": 1249624,
            "bits_per_second": 9996982.46613458,
            "packets": 863,
            "omitted": false,
            "sender": true
          }
        ],
        "sum": {
          "start": 25.000055,
          "end": 26.000056,
          "seconds": 1.0000009536743164,
          "bytes": 1249624,
          "bits_per_second": 9996982.46613458,
          "packets": 863,
          "omitted": false,
          "sender": true
        }
      },
      {
        "streams": [
          {
            "socket": 5,
            "start": 26.000056,
            "end": 27.000056,
            "seconds": 1,
            "bytes": 1251072,
            "bits_per_second": 10008576,
            "packets": 864,
            "omitted": false,
            "sender": true
          }
        ],
        "sum": {
          "start": 26.000056,
          "end": 27.000056,
          "seconds": 1,
          "bytes": 1251072,
          "bits_per_second": 10008576,
          "packets": 864,
          "omitted": false,
          "sender": true
        }
      },
      {
        "streams": [
          {
            "socket": 5,
            "start": 27.000056,
            "end": 27.909015,
            "seconds": 0.9089589715003967,
            "bytes": 1135232,
            "bits_per_second": 9991491.67867148,
            "packets": 784,
            "omitted": false,
            "sender": true
          }
        ],
        "sum": {
          "start": 27.000056,
          "end": 27.909015,
          "seconds": 0.9089589715003967,
          "bytes": 1135232,
          "bits_per_second": 9991491.67867148,
          "packets": 784,
          "omitted": false,
          "sender": true
        }
      }
    ],
    "end": {
      "streams": [
        {
          "udp": {
            "socket": 5,
            "start": 0,
            "end": 27.909015,
            "seconds": 27.909015,
            "bytes": 34885216,
            "bits_per_second": 9999698.23370692,
            "jitter_ms": 0,
            "lost_packets": 0,
            "packets": 24092,
            "lost_percent": 0,
            "out_of_order": 0,
            "sender": true
          }
        }
      ],
      "sum": {
        "start": 0,
        "end": 27.909015,
        "seconds": 27.909015,
        "bytes": 34885216,
        "bits_per_second": 9999698.23370692,
        "jitter_ms": 0,
        "lost_packets": 0,
        "packets": 24092,
        "lost_percent": 0,
        "sender": true
      },
      "cpu_utilization_percent": {
        "host_total": 5.64727766536643,
        "host_user": 1.130971183666303,
        "host_system": 4.516310054662393,
        "remote_total": 0,
        "remote_user": 0,
        "remote_system": 0
      }
    },
    "error": "interrupt - the client has terminated"
  }
]